<html>
<head>
<title>TestNG:  Default test</title>
<link href="../testng.css" rel="stylesheet" type="text/css" />
<link href="../my-testng.css" rel="stylesheet" type="text/css" />

<style type="text/css">
.log { display: none;} 
.stack-trace { display: none;} 
</style>
<script type="text/javascript">
<!--
function flip(e) {
  current = e.style.display;
  if (current == 'block') {
    e.style.display = 'none';
    return 0;
  }
  else {
    e.style.display = 'block';
    return 1;
  }
}

function toggleBox(szDivId, elem, msg1, msg2)
{
  var res = -1;  if (document.getElementById) {
    res = flip(document.getElementById(szDivId));
  }
  else if (document.all) {
    // this is the way old msie versions work
    res = flip(document.all[szDivId]);
  }
  if(elem) {
    if(res == 0) elem.innerHTML = msg1; else elem.innerHTML = msg2;
  }

}

function toggleAllBoxes() {
  if (document.getElementsByTagName) {
    d = document.getElementsByTagName('div');
    for (i = 0; i < d.length; i++) {
      if (d[i].className == 'log') {
        flip(d[i]);
      }
    }
  }
}

// -->
</script>

</head>
<body>
<h2 align='center'>Default test</h2><table border='1' align="center">
<tr>
<td>Tests passed/Failed/Skipped:</td><td>0/0/2</td>
</tr><tr>
<td>Started on:</td><td>Wed Jan 01 23:02:36 IST 2020</td>
</tr>
<tr><td>Total time:</td><td>0 seconds (98 ms)</td>
</tr><tr>
<td>Included groups:</td><td></td>
</tr><tr>
<td>Excluded groups:</td><td></td>
</tr>
</table><p/>
<small><i>(Hover the method name to see the test class name)</i></small><p/>
<table width='100%' border='1' class='invocation-failed'>
<tr><td colspan='4' align='center'><b>FAILED CONFIGURATIONS</b></td></tr>
<tr><td><b>Test method</b></td>
<td width="30%"><b>Exception</b></td>
<td width="10%"><b>Time (seconds)</b></td>
<td><b>Instance</b></td>
</tr>
<tr>
<td title='tests.Regression.beforeSuite()'><b>beforeSuite</b><br>Test class: tests.Regression</td>
<td><div><pre>org.openqa.selenium.WebDriverException: com.gargoylesoftware.htmlunit.ScriptException: Java class &quot;com.gargoylesoftware.htmlunit.ScriptException&quot; has no public instance field or method named &quot;reported&quot;. (https://s.go-mpulse.net/boomerang/EYG6F-E4V84-PAZ9D-F859L-SRJFK#16)
Build info: version: &apos;3.141.59&apos;, revision: &apos;e82be7d358&apos;, time: &apos;2018-11-14T08:17:03&apos;
System info: host: &apos;PRADEEP-PC&apos;, ip: &apos;192.168.0.34&apos;, os.name: &apos;Windows 7&apos;, os.arch: &apos;x86&apos;, os.version: &apos;6.1&apos;, java.version: &apos;1.8.0_231&apos;
Driver info: driver.version: HtmlUnitDriver
	at org.openqa.selenium.htmlunit.HtmlUnitDriver.get(HtmlUnitDriver.java:686)
	at org.openqa.selenium.htmlunit.HtmlUnitDriver.lambda$8(HtmlUnitDriver.java:655)
	at org.openqa.selenium.htmlunit.HtmlUnitDriver.lambda$0(HtmlUnitDriver.java:412)
	at java.lang.Thread.run(Thread.java:748)
Caused by: com.gargoylesoftware.htmlunit.ScriptException: Java class &quot;com.gargoylesoftware.htmlunit.ScriptException&quot; has no public instance field or method named &quot;reported&quot;. (https://s.go-mpulse.net/boomerang/EYG6F-E4V84-PAZ9D-F859L-SRJFK#16)
	at com.gargoylesoftware.htmlunit.javascript.JavaScriptEngine.handleJavaScriptException(JavaScriptEngine.java:986)
	at com.gargoylesoftware.htmlunit.javascript.JavaScriptEngine$HtmlUnitContextAction.run(JavaScriptEngine.java:894)
	at net.sourceforge.htmlunit.corejs.javascript.Context.call(Context.java:637)
	at net.sourceforge.htmlunit.corejs.javascript.ContextFactory.call(ContextFactory.java:518)
	at com.gargoylesoftware.htmlunit.javascript.JavaScriptEngine.compile(JavaScriptEngine.java:725)
	at com.gargoylesoftware.htmlunit.javascript.JavaScriptEngine.compile(JavaScriptEngine.java:691)
	at com.gargoylesoftware.htmlunit.javascript.JavaScriptEngine.compile(JavaScriptEngine.java:102)
	at com.gargoylesoftware.htmlunit.html.HtmlPage.loadJavaScriptFromUrl(HtmlPage.java:1076)
	at com.gargoylesoftware.htmlunit.html.HtmlPage.loadExternalJavaScriptFile(HtmlPage.java:974)
	at com.gargoylesoftware.htmlunit.html.HtmlScript.executeScriptIfNeeded(HtmlScript.java:366)
	at com.gargoylesoftware.htmlunit.html.HtmlScript$2.execute(HtmlScript.java:247)
	at com.gargoylesoftware.htmlunit.html.HtmlScript.onAllChildrenAddedToPage(HtmlScript.java:268)
	at com.gargoylesoftware.htmlunit.html.HTMLParser$HtmlUnitDOMBuilder.endElement(HTMLParser.java:800)
	at org.apache.xerces.parsers.AbstractSAXParser.endElement(Unknown Source)
	at com.gargoylesoftware.htmlunit.html.HTMLParser$HtmlUnitDOMBuilder.endElement(HTMLParser.java:756)
	at net.sourceforge.htmlunit.cyberneko.HTMLTagBalancer.callEndElement(HTMLTagBalancer.java:1236)
	at net.sourceforge.htmlunit.cyberneko.HTMLTagBalancer.endElement(HTMLTagBalancer.java:1136)
	at net.sourceforge.htmlunit.cyberneko.filters.DefaultFilter.endElement(DefaultFilter.java:226)
	at net.sourceforge.htmlunit.cyberneko.filters.NamespaceBinder.endElement(NamespaceBinder.java:345)
	at net.sourceforge.htmlunit.cyberneko.HTMLScanner$ContentScanner.scanEndElement(HTMLScanner.java:3178)
	at net.sourceforge.htmlunit.cyberneko.HTMLScanner$ContentScanner.scan(HTMLScanner.java:2141)
	at net.sourceforge.htmlunit.cyberneko.HTMLScanner.scanDocument(HTMLScanner.java:945)
	at net.sourceforge.htmlunit.cyberneko.HTMLConfiguration.parse(HTMLConfiguration.java:521)
	at net.sourceforge.htmlunit.cyberneko.HTMLConfiguration.parse(HTMLConfiguration.java:472)
	at org.apache.xerces.parsers.XMLParser.parse(Unknown Source)
	at com.gargoylesoftware.htmlunit.html.HTMLParser$HtmlUnitDOMBuilder.parse(HTMLParser.java:999)
	at com.gargoylesoftware.htmlunit.html.HTMLParser.parse(HTMLParser.java:250)
	at com.gargoylesoftware.htmlunit.html.HTMLParser.parseHtml(HTMLParser.java:192)
	at com.gargoylesoftware.htmlunit.DefaultPageCreator.createHtmlPage(DefaultPageCreator.java:272)
	at com.gargoylesoftware.htmlunit.DefaultPageCreator.createPage(DefaultPageCreator.java:160)
	at com.gargoylesoftware.htmlunit.WebClient.loadWebResponseInto(WebClient.java:522)
	at com.gargoylesoftware.htmlunit.WebClient.getPage(WebClient.java:396)
	at com.gargoylesoftware.htmlunit.WebClient.getPage(WebClient.java:313)
	at org.openqa.selenium.htmlunit.HtmlUnitDriver.get(HtmlUnitDriver.java:668)
	... 3 more
Caused by: net.sourceforge.htmlunit.corejs.javascript.EvaluatorException: Java class &quot;com.gargoylesoftware.htmlunit.ScriptException&quot; has no public instance field or method named &quot;reported&quot;. (https://s.go-mpulse.net/boomerang/EYG6F-E4V84-PAZ9D-F859L-SRJFK#16)
	at com.gargoylesoftware.htmlunit.javascript.StrictErrorReporter.runtimeError(StrictErrorReporter.java:83)
	at net.sourceforge.htmlunit.corejs.javascript.Context.reportRuntimeError(Context.java:1098)
	at net.sourceforge.htmlunit.corejs.javascript.Context.reportRuntimeError(Context.java:1146)
	at net.sourceforge.htmlunit.corejs.javascript.Context.reportRuntimeError2(Context.java:1120)
	at net.sourceforge.htmlunit.corejs.javascript.JavaMembers.reportMemberNotFound(JavaMembers.java:827)
	at net.sourceforge.htmlunit.corejs.javascript.JavaMembers.put(JavaMembers.java:104)
	at net.sourceforge.htmlunit.corejs.javascript.NativeJavaObject.put(NativeJavaObject.java:88)
	at net.sourceforge.htmlunit.corejs.javascript.ScriptableObject.putProperty(ScriptableObject.java:2572)
	at net.sourceforge.htmlunit.corejs.javascript.ScriptRuntime.setObjectProp(ScriptRuntime.java:1648)
	at net.sourceforge.htmlunit.corejs.javascript.ScriptRuntime.setObjectProp(ScriptRuntime.java:1643)
	at net.sourceforge.htmlunit.corejs.javascript.Interpreter.interpretLoop(Interpreter.java:1265)
	at net.sourceforge.htmlunit.corejs.javascript.Interpreter.interpret(Interpreter.java:800)
	at net.sourceforge.htmlunit.corejs.javascript.InterpretedFunction.call(InterpretedFunction.java:105)
	at net.sourceforge.htmlunit.corejs.javascript.ContextFactory.doTopCall(ContextFactory.java:416)
	at com.gargoylesoftware.htmlunit.javascript.HtmlUnitContextFactory.doTopCall(HtmlUnitContextFactory.java:322)
	at net.sourceforge.htmlunit.corejs.javascript.ScriptRuntime.doTopCall(ScriptRuntime.java:3264)
	at net.sourceforge.htmlunit.corejs.javascript.InterpretedFunction.call(InterpretedFunction.java:103)
	at com.gargoylesoftware.htmlunit.javascript.host.Window.triggerOnError(Window.java:1284)
	at com.gargoylesoftware.htmlunit.javascript.JavaScriptEngine.handleJavaScriptException(JavaScriptEngine.java:983)
	... 36 more
</pre></div><a href='#' onClick='toggleBox("stack-trace18277605", this, "Click to show all stack frames", "Click to hide stack frames")'>Click to show all stack frames</a>
<div class='stack-trace' id='stack-trace18277605'><pre>org.openqa.selenium.WebDriverException: com.gargoylesoftware.htmlunit.ScriptException: Java class &quot;com.gargoylesoftware.htmlunit.ScriptException&quot; has no public instance field or method named &quot;reported&quot;. (https://s.go-mpulse.net/boomerang/EYG6F-E4V84-PAZ9D-F859L-SRJFK#16)
Build info: version: &apos;3.141.59&apos;, revision: &apos;e82be7d358&apos;, time: &apos;2018-11-14T08:17:03&apos;
System info: host: &apos;PRADEEP-PC&apos;, ip: &apos;192.168.0.34&apos;, os.name: &apos;Windows 7&apos;, os.arch: &apos;x86&apos;, os.version: &apos;6.1&apos;, java.version: &apos;1.8.0_231&apos;
Driver info: driver.version: HtmlUnitDriver
	at org.openqa.selenium.htmlunit.HtmlUnitDriver.get(HtmlUnitDriver.java:686)
	at org.openqa.selenium.htmlunit.HtmlUnitDriver.lambda$8(HtmlUnitDriver.java:655)
	at org.openqa.selenium.htmlunit.HtmlUnitDriver.lambda$0(HtmlUnitDriver.java:412)
	at java.lang.Thread.run(Thread.java:748)
Caused by: com.gargoylesoftware.htmlunit.ScriptException: Java class &quot;com.gargoylesoftware.htmlunit.ScriptException&quot; has no public instance field or method named &quot;reported&quot;. (https://s.go-mpulse.net/boomerang/EYG6F-E4V84-PAZ9D-F859L-SRJFK#16)
	at com.gargoylesoftware.htmlunit.javascript.JavaScriptEngine.handleJavaScriptException(JavaScriptEngine.java:986)
	at com.gargoylesoftware.htmlunit.javascript.JavaScriptEngine$HtmlUnitContextAction.run(JavaScriptEngine.java:894)
	at net.sourceforge.htmlunit.corejs.javascript.Context.call(Context.java:637)
	at net.sourceforge.htmlunit.corejs.javascript.ContextFactory.call(ContextFactory.java:518)
	at com.gargoylesoftware.htmlunit.javascript.JavaScriptEngine.compile(JavaScriptEngine.java:725)
	at com.gargoylesoftware.htmlunit.javascript.JavaScriptEngine.compile(JavaScriptEngine.java:691)
	at com.gargoylesoftware.htmlunit.javascript.JavaScriptEngine.compile(JavaScriptEngine.java:102)
	at com.gargoylesoftware.htmlunit.html.HtmlPage.loadJavaScriptFromUrl(HtmlPage.java:1076)
	at com.gargoylesoftware.htmlunit.html.HtmlPage.loadExternalJavaScriptFile(HtmlPage.java:974)
	at com.gargoylesoftware.htmlunit.html.HtmlScript.executeScriptIfNeeded(HtmlScript.java:366)
	at com.gargoylesoftware.htmlunit.html.HtmlScript$2.execute(HtmlScript.java:247)
	at com.gargoylesoftware.htmlunit.html.HtmlScript.onAllChildrenAddedToPage(HtmlScript.java:268)
	at com.gargoylesoftware.htmlunit.html.HTMLParser$HtmlUnitDOMBuilder.endElement(HTMLParser.java:800)
	at org.apache.xerces.parsers.AbstractSAXParser.endElement(Unknown Source)
	at com.gargoylesoftware.htmlunit.html.HTMLParser$HtmlUnitDOMBuilder.endElement(HTMLParser.java:756)
	at net.sourceforge.htmlunit.cyberneko.HTMLTagBalancer.callEndElement(HTMLTagBalancer.java:1236)
	at net.sourceforge.htmlunit.cyberneko.HTMLTagBalancer.endElement(HTMLTagBalancer.java:1136)
	at net.sourceforge.htmlunit.cyberneko.filters.DefaultFilter.endElement(DefaultFilter.java:226)
	at net.sourceforge.htmlunit.cyberneko.filters.NamespaceBinder.endElement(NamespaceBinder.java:345)
	at net.sourceforge.htmlunit.cyberneko.HTMLScanner$ContentScanner.scanEndElement(HTMLScanner.java:3178)
	at net.sourceforge.htmlunit.cyberneko.HTMLScanner$ContentScanner.scan(HTMLScanner.java:2141)
	at net.sourceforge.htmlunit.cyberneko.HTMLScanner.scanDocument(HTMLScanner.java:945)
	at net.sourceforge.htmlunit.cyberneko.HTMLConfiguration.parse(HTMLConfiguration.java:521)
	at net.sourceforge.htmlunit.cyberneko.HTMLConfiguration.parse(HTMLConfiguration.java:472)
	at org.apache.xerces.parsers.XMLParser.parse(Unknown Source)
	at com.gargoylesoftware.htmlunit.html.HTMLParser$HtmlUnitDOMBuilder.parse(HTMLParser.java:999)
	at com.gargoylesoftware.htmlunit.html.HTMLParser.parse(HTMLParser.java:250)
	at com.gargoylesoftware.htmlunit.html.HTMLParser.parseHtml(HTMLParser.java:192)
	at com.gargoylesoftware.htmlunit.DefaultPageCreator.createHtmlPage(DefaultPageCreator.java:272)
	at com.gargoylesoftware.htmlunit.DefaultPageCreator.createPage(DefaultPageCreator.java:160)
	at com.gargoylesoftware.htmlunit.WebClient.loadWebResponseInto(WebClient.java:522)
	at com.gargoylesoftware.htmlunit.WebClient.getPage(WebClient.java:396)
	at com.gargoylesoftware.htmlunit.WebClient.getPage(WebClient.java:313)
	at org.openqa.selenium.htmlunit.HtmlUnitDriver.get(HtmlUnitDriver.java:668)
	... 3 more
Caused by: net.sourceforge.htmlunit.corejs.javascript.EvaluatorException: Java class &quot;com.gargoylesoftware.htmlunit.ScriptException&quot; has no public instance field or method named &quot;reported&quot;. (https://s.go-mpulse.net/boomerang/EYG6F-E4V84-PAZ9D-F859L-SRJFK#16)
	at com.gargoylesoftware.htmlunit.javascript.StrictErrorReporter.runtimeError(StrictErrorReporter.java:83)
	at net.sourceforge.htmlunit.corejs.javascript.Context.reportRuntimeError(Context.java:1098)
	at net.sourceforge.htmlunit.corejs.javascript.Context.reportRuntimeError(Context.java:1146)
	at net.sourceforge.htmlunit.corejs.javascript.Context.reportRuntimeError2(Context.java:1120)
	at net.sourceforge.htmlunit.corejs.javascript.JavaMembers.reportMemberNotFound(JavaMembers.java:827)
	at net.sourceforge.htmlunit.corejs.javascript.JavaMembers.put(JavaMembers.java:104)
	at net.sourceforge.htmlunit.corejs.javascript.NativeJavaObject.put(NativeJavaObject.java:88)
	at net.sourceforge.htmlunit.corejs.javascript.ScriptableObject.putProperty(ScriptableObject.java:2572)
	at net.sourceforge.htmlunit.corejs.javascript.ScriptRuntime.setObjectProp(ScriptRuntime.java:1648)
	at net.sourceforge.htmlunit.corejs.javascript.ScriptRuntime.setObjectProp(ScriptRuntime.java:1643)
	at net.sourceforge.htmlunit.corejs.javascript.Interpreter.interpretLoop(Interpreter.java:1265)
	at net.sourceforge.htmlunit.corejs.javascript.Interpreter.interpret(Interpreter.java:800)
	at net.sourceforge.htmlunit.corejs.javascript.InterpretedFunction.call(InterpretedFunction.java:105)
	at net.sourceforge.htmlunit.corejs.javascript.ContextFactory.doTopCall(ContextFactory.java:416)
	at com.gargoylesoftware.htmlunit.javascript.HtmlUnitContextFactory.doTopCall(HtmlUnitContextFactory.java:322)
	at net.sourceforge.htmlunit.corejs.javascript.ScriptRuntime.doTopCall(ScriptRuntime.java:3264)
	at net.sourceforge.htmlunit.corejs.javascript.InterpretedFunction.call(InterpretedFunction.java:103)
	at com.gargoylesoftware.htmlunit.javascript.host.Window.triggerOnError(Window.java:1284)
	at com.gargoylesoftware.htmlunit.javascript.JavaScriptEngine.handleJavaScriptException(JavaScriptEngine.java:983)
	... 36 more
</pre></div></td>
<td>11</td>
<td>tests.Regression@eaafa6</td></tr>
</table><p>
<table width='100%' border='1' class='invocation-skipped'>
<tr><td colspan='4' align='center'><b>SKIPPED CONFIGURATIONS</b></td></tr>
<tr><td><b>Test method</b></td>
<td width="30%"><b>Exception</b></td>
<td width="10%"><b>Time (seconds)</b></td>
<td><b>Instance</b></td>
</tr>
<tr>
<td title='tests.Regression.beforeTest()'><b>beforeTest</b><br>Test class: tests.Regression</td>
<td></td>
<td>0</td>
<td>tests.Regression@eaafa6</td></tr>
<tr>
<td title='tests.Regression.afterTest()'><b>afterTest</b><br>Test class: tests.Regression</td>
<td></td>
<td>0</td>
<td>tests.Regression@eaafa6</td></tr>
</table><p>
<table width='100%' border='1' class='invocation-skipped'>
<tr><td colspan='4' align='center'><b>SKIPPED TESTS</b></td></tr>
<tr><td><b>Test method</b></td>
<td width="30%"><b>Exception</b></td>
<td width="10%"><b>Time (seconds)</b></td>
<td><b>Instance</b></td>
</tr>
<tr>
<td title='tests.Regression.TCID_1()'><b>TCID_1</b><br>Test class: tests.Regression</td>
<td><div><pre>org.openqa.selenium.WebDriverException: com.gargoylesoftware.htmlunit.ScriptException: Java class &quot;com.gargoylesoftware.htmlunit.ScriptException&quot; has no public instance field or method named &quot;reported&quot;. (https://s.go-mpulse.net/boomerang/EYG6F-E4V84-PAZ9D-F859L-SRJFK#16)
Build info: version: &apos;3.141.59&apos;, revision: &apos;e82be7d358&apos;, time: &apos;2018-11-14T08:17:03&apos;
System info: host: &apos;PRADEEP-PC&apos;, ip: &apos;192.168.0.34&apos;, os.name: &apos;Windows 7&apos;, os.arch: &apos;x86&apos;, os.version: &apos;6.1&apos;, java.version: &apos;1.8.0_231&apos;
Driver info: driver.version: HtmlUnitDriver
	at org.openqa.selenium.htmlunit.HtmlUnitDriver.get(HtmlUnitDriver.java:686)
	at org.openqa.selenium.htmlunit.HtmlUnitDriver.lambda$8(HtmlUnitDriver.java:655)
	at org.openqa.selenium.htmlunit.HtmlUnitDriver.lambda$0(HtmlUnitDriver.java:412)
	at java.lang.Thread.run(Thread.java:748)
Caused by: com.gargoylesoftware.htmlunit.ScriptException: Java class &quot;com.gargoylesoftware.htmlunit.ScriptException&quot; has no public instance field or method named &quot;reported&quot;. (https://s.go-mpulse.net/boomerang/EYG6F-E4V84-PAZ9D-F859L-SRJFK#16)
	at com.gargoylesoftware.htmlunit.javascript.JavaScriptEngine.handleJavaScriptException(JavaScriptEngine.java:986)
	at com.gargoylesoftware.htmlunit.javascript.JavaScriptEngine$HtmlUnitContextAction.run(JavaScriptEngine.java:894)
	at net.sourceforge.htmlunit.corejs.javascript.Context.call(Context.java:637)
	at net.sourceforge.htmlunit.corejs.javascript.ContextFactory.call(ContextFactory.java:518)
	at com.gargoylesoftware.htmlunit.javascript.JavaScriptEngine.compile(JavaScriptEngine.java:725)
	at com.gargoylesoftware.htmlunit.javascript.JavaScriptEngine.compile(JavaScriptEngine.java:691)
	at com.gargoylesoftware.htmlunit.javascript.JavaScriptEngine.compile(JavaScriptEngine.java:102)
	at com.gargoylesoftware.htmlunit.html.HtmlPage.loadJavaScriptFromUrl(HtmlPage.java:1076)
	at com.gargoylesoftware.htmlunit.html.HtmlPage.loadExternalJavaScriptFile(HtmlPage.java:974)
	at com.gargoylesoftware.htmlunit.html.HtmlScript.executeScriptIfNeeded(HtmlScript.java:366)
	at com.gargoylesoftware.htmlunit.html.HtmlScript$2.execute(HtmlScript.java:247)
	at com.gargoylesoftware.htmlunit.html.HtmlScript.onAllChildrenAddedToPage(HtmlScript.java:268)
	at com.gargoylesoftware.htmlunit.html.HTMLParser$HtmlUnitDOMBuilder.endElement(HTMLParser.java:800)
	at org.apache.xerces.parsers.AbstractSAXParser.endElement(Unknown Source)
	at com.gargoylesoftware.htmlunit.html.HTMLParser$HtmlUnitDOMBuilder.endElement(HTMLParser.java:756)
	at net.sourceforge.htmlunit.cyberneko.HTMLTagBalancer.callEndElement(HTMLTagBalancer.java:1236)
	at net.sourceforge.htmlunit.cyberneko.HTMLTagBalancer.endElement(HTMLTagBalancer.java:1136)
	at net.sourceforge.htmlunit.cyberneko.filters.DefaultFilter.endElement(DefaultFilter.java:226)
	at net.sourceforge.htmlunit.cyberneko.filters.NamespaceBinder.endElement(NamespaceBinder.java:345)
	at net.sourceforge.htmlunit.cyberneko.HTMLScanner$ContentScanner.scanEndElement(HTMLScanner.java:3178)
	at net.sourceforge.htmlunit.cyberneko.HTMLScanner$ContentScanner.scan(HTMLScanner.java:2141)
	at net.sourceforge.htmlunit.cyberneko.HTMLScanner.scanDocument(HTMLScanner.java:945)
	at net.sourceforge.htmlunit.cyberneko.HTMLConfiguration.parse(HTMLConfiguration.java:521)
	at net.sourceforge.htmlunit.cyberneko.HTMLConfiguration.parse(HTMLConfiguration.java:472)
	at org.apache.xerces.parsers.XMLParser.parse(Unknown Source)
	at com.gargoylesoftware.htmlunit.html.HTMLParser$HtmlUnitDOMBuilder.parse(HTMLParser.java:999)
	at com.gargoylesoftware.htmlunit.html.HTMLParser.parse(HTMLParser.java:250)
	at com.gargoylesoftware.htmlunit.html.HTMLParser.parseHtml(HTMLParser.java:192)
	at com.gargoylesoftware.htmlunit.DefaultPageCreator.createHtmlPage(DefaultPageCreator.java:272)
	at com.gargoylesoftware.htmlunit.DefaultPageCreator.createPage(DefaultPageCreator.java:160)
	at com.gargoylesoftware.htmlunit.WebClient.loadWebResponseInto(WebClient.java:522)
	at com.gargoylesoftware.htmlunit.WebClient.getPage(WebClient.java:396)
	at com.gargoylesoftware.htmlunit.WebClient.getPage(WebClient.java:313)
	at org.openqa.selenium.htmlunit.HtmlUnitDriver.get(HtmlUnitDriver.java:668)
	... 3 more
Caused by: net.sourceforge.htmlunit.corejs.javascript.EvaluatorException: Java class &quot;com.gargoylesoftware.htmlunit.ScriptException&quot; has no public instance field or method named &quot;reported&quot;. (https://s.go-mpulse.net/boomerang/EYG6F-E4V84-PAZ9D-F859L-SRJFK#16)
	at com.gargoylesoftware.htmlunit.javascript.StrictErrorReporter.runtimeError(StrictErrorReporter.java:83)
	at net.sourceforge.htmlunit.corejs.javascript.Context.reportRuntimeError(Context.java:1098)
	at net.sourceforge.htmlunit.corejs.javascript.Context.reportRuntimeError(Context.java:1146)
	at net.sourceforge.htmlunit.corejs.javascript.Context.reportRuntimeError2(Context.java:1120)
	at net.sourceforge.htmlunit.corejs.javascript.JavaMembers.reportMemberNotFound(JavaMembers.java:827)
	at net.sourceforge.htmlunit.corejs.javascript.JavaMembers.put(JavaMembers.java:104)
	at net.sourceforge.htmlunit.corejs.javascript.NativeJavaObject.put(NativeJavaObject.java:88)
	at net.sourceforge.htmlunit.corejs.javascript.ScriptableObject.putProperty(ScriptableObject.java:2572)
	at net.sourceforge.htmlunit.corejs.javascript.ScriptRuntime.setObjectProp(ScriptRuntime.java:1648)
	at net.sourceforge.htmlunit.corejs.javascript.ScriptRuntime.setObjectProp(ScriptRuntime.java:1643)
	at net.sourceforge.htmlunit.corejs.javascript.Interpreter.interpretLoop(Interpreter.java:1265)
	at net.sourceforge.htmlunit.corejs.javascript.Interpreter.interpret(Interpreter.java:800)
	at net.sourceforge.htmlunit.corejs.javascript.InterpretedFunction.call(InterpretedFunction.java:105)
	at net.sourceforge.htmlunit.corejs.javascript.ContextFactory.doTopCall(ContextFactory.java:416)
	at com.gargoylesoftware.htmlunit.javascript.HtmlUnitContextFactory.doTopCall(HtmlUnitContextFactory.java:322)
	at net.sourceforge.htmlunit.corejs.javascript.ScriptRuntime.doTopCall(ScriptRuntime.java:3264)
	at net.sourceforge.htmlunit.corejs.javascript.InterpretedFunction.call(InterpretedFunction.java:103)
	at com.gargoylesoftware.htmlunit.javascript.host.Window.triggerOnError(Window.java:1284)
	at com.gargoylesoftware.htmlunit.javascript.JavaScriptEngine.handleJavaScriptException(JavaScriptEngine.java:983)
	... 36 more
</pre></div><a href='#' onClick='toggleBox("stack-trace12986046", this, "Click to show all stack frames", "Click to hide stack frames")'>Click to show all stack frames</a>
<div class='stack-trace' id='stack-trace12986046'><pre>org.openqa.selenium.WebDriverException: com.gargoylesoftware.htmlunit.ScriptException: Java class &quot;com.gargoylesoftware.htmlunit.ScriptException&quot; has no public instance field or method named &quot;reported&quot;. (https://s.go-mpulse.net/boomerang/EYG6F-E4V84-PAZ9D-F859L-SRJFK#16)
Build info: version: &apos;3.141.59&apos;, revision: &apos;e82be7d358&apos;, time: &apos;2018-11-14T08:17:03&apos;
System info: host: &apos;PRADEEP-PC&apos;, ip: &apos;192.168.0.34&apos;, os.name: &apos;Windows 7&apos;, os.arch: &apos;x86&apos;, os.version: &apos;6.1&apos;, java.version: &apos;1.8.0_231&apos;
Driver info: driver.version: HtmlUnitDriver
	at org.openqa.selenium.htmlunit.HtmlUnitDriver.get(HtmlUnitDriver.java:686)
	at org.openqa.selenium.htmlunit.HtmlUnitDriver.lambda$8(HtmlUnitDriver.java:655)
	at org.openqa.selenium.htmlunit.HtmlUnitDriver.lambda$0(HtmlUnitDriver.java:412)
	at java.lang.Thread.run(Thread.java:748)
Caused by: com.gargoylesoftware.htmlunit.ScriptException: Java class &quot;com.gargoylesoftware.htmlunit.ScriptException&quot; has no public instance field or method named &quot;reported&quot;. (https://s.go-mpulse.net/boomerang/EYG6F-E4V84-PAZ9D-F859L-SRJFK#16)
	at com.gargoylesoftware.htmlunit.javascript.JavaScriptEngine.handleJavaScriptException(JavaScriptEngine.java:986)
	at com.gargoylesoftware.htmlunit.javascript.JavaScriptEngine$HtmlUnitContextAction.run(JavaScriptEngine.java:894)
	at net.sourceforge.htmlunit.corejs.javascript.Context.call(Context.java:637)
	at net.sourceforge.htmlunit.corejs.javascript.ContextFactory.call(ContextFactory.java:518)
	at com.gargoylesoftware.htmlunit.javascript.JavaScriptEngine.compile(JavaScriptEngine.java:725)
	at com.gargoylesoftware.htmlunit.javascript.JavaScriptEngine.compile(JavaScriptEngine.java:691)
	at com.gargoylesoftware.htmlunit.javascript.JavaScriptEngine.compile(JavaScriptEngine.java:102)
	at com.gargoylesoftware.htmlunit.html.HtmlPage.loadJavaScriptFromUrl(HtmlPage.java:1076)
	at com.gargoylesoftware.htmlunit.html.HtmlPage.loadExternalJavaScriptFile(HtmlPage.java:974)
	at com.gargoylesoftware.htmlunit.html.HtmlScript.executeScriptIfNeeded(HtmlScript.java:366)
	at com.gargoylesoftware.htmlunit.html.HtmlScript$2.execute(HtmlScript.java:247)
	at com.gargoylesoftware.htmlunit.html.HtmlScript.onAllChildrenAddedToPage(HtmlScript.java:268)
	at com.gargoylesoftware.htmlunit.html.HTMLParser$HtmlUnitDOMBuilder.endElement(HTMLParser.java:800)
	at org.apache.xerces.parsers.AbstractSAXParser.endElement(Unknown Source)
	at com.gargoylesoftware.htmlunit.html.HTMLParser$HtmlUnitDOMBuilder.endElement(HTMLParser.java:756)
	at net.sourceforge.htmlunit.cyberneko.HTMLTagBalancer.callEndElement(HTMLTagBalancer.java:1236)
	at net.sourceforge.htmlunit.cyberneko.HTMLTagBalancer.endElement(HTMLTagBalancer.java:1136)
	at net.sourceforge.htmlunit.cyberneko.filters.DefaultFilter.endElement(DefaultFilter.java:226)
	at net.sourceforge.htmlunit.cyberneko.filters.NamespaceBinder.endElement(NamespaceBinder.java:345)
	at net.sourceforge.htmlunit.cyberneko.HTMLScanner$ContentScanner.scanEndElement(HTMLScanner.java:3178)
	at net.sourceforge.htmlunit.cyberneko.HTMLScanner$ContentScanner.scan(HTMLScanner.java:2141)
	at net.sourceforge.htmlunit.cyberneko.HTMLScanner.scanDocument(HTMLScanner.java:945)
	at net.sourceforge.htmlunit.cyberneko.HTMLConfiguration.parse(HTMLConfiguration.java:521)
	at net.sourceforge.htmlunit.cyberneko.HTMLConfiguration.parse(HTMLConfiguration.java:472)
	at org.apache.xerces.parsers.XMLParser.parse(Unknown Source)
	at com.gargoylesoftware.htmlunit.html.HTMLParser$HtmlUnitDOMBuilder.parse(HTMLParser.java:999)
	at com.gargoylesoftware.htmlunit.html.HTMLParser.parse(HTMLParser.java:250)
	at com.gargoylesoftware.htmlunit.html.HTMLParser.parseHtml(HTMLParser.java:192)
	at com.gargoylesoftware.htmlunit.DefaultPageCreator.createHtmlPage(DefaultPageCreator.java:272)
	at com.gargoylesoftware.htmlunit.DefaultPageCreator.createPage(DefaultPageCreator.java:160)
	at com.gargoylesoftware.htmlunit.WebClient.loadWebResponseInto(WebClient.java:522)
	at com.gargoylesoftware.htmlunit.WebClient.getPage(WebClient.java:396)
	at com.gargoylesoftware.htmlunit.WebClient.getPage(WebClient.java:313)
	at org.openqa.selenium.htmlunit.HtmlUnitDriver.get(HtmlUnitDriver.java:668)
	... 3 more
Caused by: net.sourceforge.htmlunit.corejs.javascript.EvaluatorException: Java class &quot;com.gargoylesoftware.htmlunit.ScriptException&quot; has no public instance field or method named &quot;reported&quot;. (https://s.go-mpulse.net/boomerang/EYG6F-E4V84-PAZ9D-F859L-SRJFK#16)
	at com.gargoylesoftware.htmlunit.javascript.StrictErrorReporter.runtimeError(StrictErrorReporter.java:83)
	at net.sourceforge.htmlunit.corejs.javascript.Context.reportRuntimeError(Context.java:1098)
	at net.sourceforge.htmlunit.corejs.javascript.Context.reportRuntimeError(Context.java:1146)
	at net.sourceforge.htmlunit.corejs.javascript.Context.reportRuntimeError2(Context.java:1120)
	at net.sourceforge.htmlunit.corejs.javascript.JavaMembers.reportMemberNotFound(JavaMembers.java:827)
	at net.sourceforge.htmlunit.corejs.javascript.JavaMembers.put(JavaMembers.java:104)
	at net.sourceforge.htmlunit.corejs.javascript.NativeJavaObject.put(NativeJavaObject.java:88)
	at net.sourceforge.htmlunit.corejs.javascript.ScriptableObject.putProperty(ScriptableObject.java:2572)
	at net.sourceforge.htmlunit.corejs.javascript.ScriptRuntime.setObjectProp(ScriptRuntime.java:1648)
	at net.sourceforge.htmlunit.corejs.javascript.ScriptRuntime.setObjectProp(ScriptRuntime.java:1643)
	at net.sourceforge.htmlunit.corejs.javascript.Interpreter.interpretLoop(Interpreter.java:1265)
	at net.sourceforge.htmlunit.corejs.javascript.Interpreter.interpret(Interpreter.java:800)
	at net.sourceforge.htmlunit.corejs.javascript.InterpretedFunction.call(InterpretedFunction.java:105)
	at net.sourceforge.htmlunit.corejs.javascript.ContextFactory.doTopCall(ContextFactory.java:416)
	at com.gargoylesoftware.htmlunit.javascript.HtmlUnitContextFactory.doTopCall(HtmlUnitContextFactory.java:322)
	at net.sourceforge.htmlunit.corejs.javascript.ScriptRuntime.doTopCall(ScriptRuntime.java:3264)
	at net.sourceforge.htmlunit.corejs.javascript.InterpretedFunction.call(InterpretedFunction.java:103)
	at com.gargoylesoftware.htmlunit.javascript.host.Window.triggerOnError(Window.java:1284)
	at com.gargoylesoftware.htmlunit.javascript.JavaScriptEngine.handleJavaScriptException(JavaScriptEngine.java:983)
	... 36 more
</pre></div></td>
<td>0</td>
<td>tests.Regression@eaafa6</td></tr>
<tr>
<td title='tests.Regression.TCID_2()'><b>TCID_2</b><br>Test class: tests.Regression</td>
<td><div><pre>org.openqa.selenium.WebDriverException: com.gargoylesoftware.htmlunit.ScriptException: Java class &quot;com.gargoylesoftware.htmlunit.ScriptException&quot; has no public instance field or method named &quot;reported&quot;. (https://s.go-mpulse.net/boomerang/EYG6F-E4V84-PAZ9D-F859L-SRJFK#16)
Build info: version: &apos;3.141.59&apos;, revision: &apos;e82be7d358&apos;, time: &apos;2018-11-14T08:17:03&apos;
System info: host: &apos;PRADEEP-PC&apos;, ip: &apos;192.168.0.34&apos;, os.name: &apos;Windows 7&apos;, os.arch: &apos;x86&apos;, os.version: &apos;6.1&apos;, java.version: &apos;1.8.0_231&apos;
Driver info: driver.version: HtmlUnitDriver
	at org.openqa.selenium.htmlunit.HtmlUnitDriver.get(HtmlUnitDriver.java:686)
	at org.openqa.selenium.htmlunit.HtmlUnitDriver.lambda$8(HtmlUnitDriver.java:655)
	at org.openqa.selenium.htmlunit.HtmlUnitDriver.lambda$0(HtmlUnitDriver.java:412)
	at java.lang.Thread.run(Thread.java:748)
Caused by: com.gargoylesoftware.htmlunit.ScriptException: Java class &quot;com.gargoylesoftware.htmlunit.ScriptException&quot; has no public instance field or method named &quot;reported&quot;. (https://s.go-mpulse.net/boomerang/EYG6F-E4V84-PAZ9D-F859L-SRJFK#16)
	at com.gargoylesoftware.htmlunit.javascript.JavaScriptEngine.handleJavaScriptException(JavaScriptEngine.java:986)
	at com.gargoylesoftware.htmlunit.javascript.JavaScriptEngine$HtmlUnitContextAction.run(JavaScriptEngine.java:894)
	at net.sourceforge.htmlunit.corejs.javascript.Context.call(Context.java:637)
	at net.sourceforge.htmlunit.corejs.javascript.ContextFactory.call(ContextFactory.java:518)
	at com.gargoylesoftware.htmlunit.javascript.JavaScriptEngine.compile(JavaScriptEngine.java:725)
	at com.gargoylesoftware.htmlunit.javascript.JavaScriptEngine.compile(JavaScriptEngine.java:691)
	at com.gargoylesoftware.htmlunit.javascript.JavaScriptEngine.compile(JavaScriptEngine.java:102)
	at com.gargoylesoftware.htmlunit.html.HtmlPage.loadJavaScriptFromUrl(HtmlPage.java:1076)
	at com.gargoylesoftware.htmlunit.html.HtmlPage.loadExternalJavaScriptFile(HtmlPage.java:974)
	at com.gargoylesoftware.htmlunit.html.HtmlScript.executeScriptIfNeeded(HtmlScript.java:366)
	at com.gargoylesoftware.htmlunit.html.HtmlScript$2.execute(HtmlScript.java:247)
	at com.gargoylesoftware.htmlunit.html.HtmlScript.onAllChildrenAddedToPage(HtmlScript.java:268)
	at com.gargoylesoftware.htmlunit.html.HTMLParser$HtmlUnitDOMBuilder.endElement(HTMLParser.java:800)
	at org.apache.xerces.parsers.AbstractSAXParser.endElement(Unknown Source)
	at com.gargoylesoftware.htmlunit.html.HTMLParser$HtmlUnitDOMBuilder.endElement(HTMLParser.java:756)
	at net.sourceforge.htmlunit.cyberneko.HTMLTagBalancer.callEndElement(HTMLTagBalancer.java:1236)
	at net.sourceforge.htmlunit.cyberneko.HTMLTagBalancer.endElement(HTMLTagBalancer.java:1136)
	at net.sourceforge.htmlunit.cyberneko.filters.DefaultFilter.endElement(DefaultFilter.java:226)
	at net.sourceforge.htmlunit.cyberneko.filters.NamespaceBinder.endElement(NamespaceBinder.java:345)
	at net.sourceforge.htmlunit.cyberneko.HTMLScanner$ContentScanner.scanEndElement(HTMLScanner.java:3178)
	at net.sourceforge.htmlunit.cyberneko.HTMLScanner$ContentScanner.scan(HTMLScanner.java:2141)
	at net.sourceforge.htmlunit.cyberneko.HTMLScanner.scanDocument(HTMLScanner.java:945)
	at net.sourceforge.htmlunit.cyberneko.HTMLConfiguration.parse(HTMLConfiguration.java:521)
	at net.sourceforge.htmlunit.cyberneko.HTMLConfiguration.parse(HTMLConfiguration.java:472)
	at org.apache.xerces.parsers.XMLParser.parse(Unknown Source)
	at com.gargoylesoftware.htmlunit.html.HTMLParser$HtmlUnitDOMBuilder.parse(HTMLParser.java:999)
	at com.gargoylesoftware.htmlunit.html.HTMLParser.parse(HTMLParser.java:250)
	at com.gargoylesoftware.htmlunit.html.HTMLParser.parseHtml(HTMLParser.java:192)
	at com.gargoylesoftware.htmlunit.DefaultPageCreator.createHtmlPage(DefaultPageCreator.java:272)
	at com.gargoylesoftware.htmlunit.DefaultPageCreator.createPage(DefaultPageCreator.java:160)
	at com.gargoylesoftware.htmlunit.WebClient.loadWebResponseInto(WebClient.java:522)
	at com.gargoylesoftware.htmlunit.WebClient.getPage(WebClient.java:396)
	at com.gargoylesoftware.htmlunit.WebClient.getPage(WebClient.java:313)
	at org.openqa.selenium.htmlunit.HtmlUnitDriver.get(HtmlUnitDriver.java:668)
	... 3 more
Caused by: net.sourceforge.htmlunit.corejs.javascript.EvaluatorException: Java class &quot;com.gargoylesoftware.htmlunit.ScriptException&quot; has no public instance field or method named &quot;reported&quot;. (https://s.go-mpulse.net/boomerang/EYG6F-E4V84-PAZ9D-F859L-SRJFK#16)
	at com.gargoylesoftware.htmlunit.javascript.StrictErrorReporter.runtimeError(StrictErrorReporter.java:83)
	at net.sourceforge.htmlunit.corejs.javascript.Context.reportRuntimeError(Context.java:1098)
	at net.sourceforge.htmlunit.corejs.javascript.Context.reportRuntimeError(Context.java:1146)
	at net.sourceforge.htmlunit.corejs.javascript.Context.reportRuntimeError2(Context.java:1120)
	at net.sourceforge.htmlunit.corejs.javascript.JavaMembers.reportMemberNotFound(JavaMembers.java:827)
	at net.sourceforge.htmlunit.corejs.javascript.JavaMembers.put(JavaMembers.java:104)
	at net.sourceforge.htmlunit.corejs.javascript.NativeJavaObject.put(NativeJavaObject.java:88)
	at net.sourceforge.htmlunit.corejs.javascript.ScriptableObject.putProperty(ScriptableObject.java:2572)
	at net.sourceforge.htmlunit.corejs.javascript.ScriptRuntime.setObjectProp(ScriptRuntime.java:1648)
	at net.sourceforge.htmlunit.corejs.javascript.ScriptRuntime.setObjectProp(ScriptRuntime.java:1643)
	at net.sourceforge.htmlunit.corejs.javascript.Interpreter.interpretLoop(Interpreter.java:1265)
	at net.sourceforge.htmlunit.corejs.javascript.Interpreter.interpret(Interpreter.java:800)
	at net.sourceforge.htmlunit.corejs.javascript.InterpretedFunction.call(InterpretedFunction.java:105)
	at net.sourceforge.htmlunit.corejs.javascript.ContextFactory.doTopCall(ContextFactory.java:416)
	at com.gargoylesoftware.htmlunit.javascript.HtmlUnitContextFactory.doTopCall(HtmlUnitContextFactory.java:322)
	at net.sourceforge.htmlunit.corejs.javascript.ScriptRuntime.doTopCall(ScriptRuntime.java:3264)
	at net.sourceforge.htmlunit.corejs.javascript.InterpretedFunction.call(InterpretedFunction.java:103)
	at com.gargoylesoftware.htmlunit.javascript.host.Window.triggerOnError(Window.java:1284)
	at com.gargoylesoftware.htmlunit.javascript.JavaScriptEngine.handleJavaScriptException(JavaScriptEngine.java:983)
	... 36 more
</pre></div><a href='#' onClick='toggleBox("stack-trace16518339", this, "Click to show all stack frames", "Click to hide stack frames")'>Click to show all stack frames</a>
<div class='stack-trace' id='stack-trace16518339'><pre>org.openqa.selenium.WebDriverException: com.gargoylesoftware.htmlunit.ScriptException: Java class &quot;com.gargoylesoftware.htmlunit.ScriptException&quot; has no public instance field or method named &quot;reported&quot;. (https://s.go-mpulse.net/boomerang/EYG6F-E4V84-PAZ9D-F859L-SRJFK#16)
Build info: version: &apos;3.141.59&apos;, revision: &apos;e82be7d358&apos;, time: &apos;2018-11-14T08:17:03&apos;
System info: host: &apos;PRADEEP-PC&apos;, ip: &apos;192.168.0.34&apos;, os.name: &apos;Windows 7&apos;, os.arch: &apos;x86&apos;, os.version: &apos;6.1&apos;, java.version: &apos;1.8.0_231&apos;
Driver info: driver.version: HtmlUnitDriver
	at org.openqa.selenium.htmlunit.HtmlUnitDriver.get(HtmlUnitDriver.java:686)
	at org.openqa.selenium.htmlunit.HtmlUnitDriver.lambda$8(HtmlUnitDriver.java:655)
	at org.openqa.selenium.htmlunit.HtmlUnitDriver.lambda$0(HtmlUnitDriver.java:412)
	at java.lang.Thread.run(Thread.java:748)
Caused by: com.gargoylesoftware.htmlunit.ScriptException: Java class &quot;com.gargoylesoftware.htmlunit.ScriptException&quot; has no public instance field or method named &quot;reported&quot;. (https://s.go-mpulse.net/boomerang/EYG6F-E4V84-PAZ9D-F859L-SRJFK#16)
	at com.gargoylesoftware.htmlunit.javascript.JavaScriptEngine.handleJavaScriptException(JavaScriptEngine.java:986)
	at com.gargoylesoftware.htmlunit.javascript.JavaScriptEngine$HtmlUnitContextAction.run(JavaScriptEngine.java:894)
	at net.sourceforge.htmlunit.corejs.javascript.Context.call(Context.java:637)
	at net.sourceforge.htmlunit.corejs.javascript.ContextFactory.call(ContextFactory.java:518)
	at com.gargoylesoftware.htmlunit.javascript.JavaScriptEngine.compile(JavaScriptEngine.java:725)
	at com.gargoylesoftware.htmlunit.javascript.JavaScriptEngine.compile(JavaScriptEngine.java:691)
	at com.gargoylesoftware.htmlunit.javascript.JavaScriptEngine.compile(JavaScriptEngine.java:102)
	at com.gargoylesoftware.htmlunit.html.HtmlPage.loadJavaScriptFromUrl(HtmlPage.java:1076)
	at com.gargoylesoftware.htmlunit.html.HtmlPage.loadExternalJavaScriptFile(HtmlPage.java:974)
	at com.gargoylesoftware.htmlunit.html.HtmlScript.executeScriptIfNeeded(HtmlScript.java:366)
	at com.gargoylesoftware.htmlunit.html.HtmlScript$2.execute(HtmlScript.java:247)
	at com.gargoylesoftware.htmlunit.html.HtmlScript.onAllChildrenAddedToPage(HtmlScript.java:268)
	at com.gargoylesoftware.htmlunit.html.HTMLParser$HtmlUnitDOMBuilder.endElement(HTMLParser.java:800)
	at org.apache.xerces.parsers.AbstractSAXParser.endElement(Unknown Source)
	at com.gargoylesoftware.htmlunit.html.HTMLParser$HtmlUnitDOMBuilder.endElement(HTMLParser.java:756)
	at net.sourceforge.htmlunit.cyberneko.HTMLTagBalancer.callEndElement(HTMLTagBalancer.java:1236)
	at net.sourceforge.htmlunit.cyberneko.HTMLTagBalancer.endElement(HTMLTagBalancer.java:1136)
	at net.sourceforge.htmlunit.cyberneko.filters.DefaultFilter.endElement(DefaultFilter.java:226)
	at net.sourceforge.htmlunit.cyberneko.filters.NamespaceBinder.endElement(NamespaceBinder.java:345)
	at net.sourceforge.htmlunit.cyberneko.HTMLScanner$ContentScanner.scanEndElement(HTMLScanner.java:3178)
	at net.sourceforge.htmlunit.cyberneko.HTMLScanner$ContentScanner.scan(HTMLScanner.java:2141)
	at net.sourceforge.htmlunit.cyberneko.HTMLScanner.scanDocument(HTMLScanner.java:945)
	at net.sourceforge.htmlunit.cyberneko.HTMLConfiguration.parse(HTMLConfiguration.java:521)
	at net.sourceforge.htmlunit.cyberneko.HTMLConfiguration.parse(HTMLConfiguration.java:472)
	at org.apache.xerces.parsers.XMLParser.parse(Unknown Source)
	at com.gargoylesoftware.htmlunit.html.HTMLParser$HtmlUnitDOMBuilder.parse(HTMLParser.java:999)
	at com.gargoylesoftware.htmlunit.html.HTMLParser.parse(HTMLParser.java:250)
	at com.gargoylesoftware.htmlunit.html.HTMLParser.parseHtml(HTMLParser.java:192)
	at com.gargoylesoftware.htmlunit.DefaultPageCreator.createHtmlPage(DefaultPageCreator.java:272)
	at com.gargoylesoftware.htmlunit.DefaultPageCreator.createPage(DefaultPageCreator.java:160)
	at com.gargoylesoftware.htmlunit.WebClient.loadWebResponseInto(WebClient.java:522)
	at com.gargoylesoftware.htmlunit.WebClient.getPage(WebClient.java:396)
	at com.gargoylesoftware.htmlunit.WebClient.getPage(WebClient.java:313)
	at org.openqa.selenium.htmlunit.HtmlUnitDriver.get(HtmlUnitDriver.java:668)
	... 3 more
Caused by: net.sourceforge.htmlunit.corejs.javascript.EvaluatorException: Java class &quot;com.gargoylesoftware.htmlunit.ScriptException&quot; has no public instance field or method named &quot;reported&quot;. (https://s.go-mpulse.net/boomerang/EYG6F-E4V84-PAZ9D-F859L-SRJFK#16)
	at com.gargoylesoftware.htmlunit.javascript.StrictErrorReporter.runtimeError(StrictErrorReporter.java:83)
	at net.sourceforge.htmlunit.corejs.javascript.Context.reportRuntimeError(Context.java:1098)
	at net.sourceforge.htmlunit.corejs.javascript.Context.reportRuntimeError(Context.java:1146)
	at net.sourceforge.htmlunit.corejs.javascript.Context.reportRuntimeError2(Context.java:1120)
	at net.sourceforge.htmlunit.corejs.javascript.JavaMembers.reportMemberNotFound(JavaMembers.java:827)
	at net.sourceforge.htmlunit.corejs.javascript.JavaMembers.put(JavaMembers.java:104)
	at net.sourceforge.htmlunit.corejs.javascript.NativeJavaObject.put(NativeJavaObject.java:88)
	at net.sourceforge.htmlunit.corejs.javascript.ScriptableObject.putProperty(ScriptableObject.java:2572)
	at net.sourceforge.htmlunit.corejs.javascript.ScriptRuntime.setObjectProp(ScriptRuntime.java:1648)
	at net.sourceforge.htmlunit.corejs.javascript.ScriptRuntime.setObjectProp(ScriptRuntime.java:1643)
	at net.sourceforge.htmlunit.corejs.javascript.Interpreter.interpretLoop(Interpreter.java:1265)
	at net.sourceforge.htmlunit.corejs.javascript.Interpreter.interpret(Interpreter.java:800)
	at net.sourceforge.htmlunit.corejs.javascript.InterpretedFunction.call(InterpretedFunction.java:105)
	at net.sourceforge.htmlunit.corejs.javascript.ContextFactory.doTopCall(ContextFactory.java:416)
	at com.gargoylesoftware.htmlunit.javascript.HtmlUnitContextFactory.doTopCall(HtmlUnitContextFactory.java:322)
	at net.sourceforge.htmlunit.corejs.javascript.ScriptRuntime.doTopCall(ScriptRuntime.java:3264)
	at net.sourceforge.htmlunit.corejs.javascript.InterpretedFunction.call(InterpretedFunction.java:103)
	at com.gargoylesoftware.htmlunit.javascript.host.Window.triggerOnError(Window.java:1284)
	at com.gargoylesoftware.htmlunit.javascript.JavaScriptEngine.handleJavaScriptException(JavaScriptEngine.java:983)
	... 36 more
</pre></div></td>
<td>0</td>
<td>tests.Regression@eaafa6</td></tr>
</table><p>
</body>
</html>