<?xml version="1.0" encoding="UTF-8"?>
<!-- Generated by org.testng.reporters.JUnitXMLReporter -->
<testsuite hostname="Pradeep-PC" ignored="0" name="Command line test" tests="1" failures="0" timestamp="09 Feb 2020 10:08:13 GMT" time="0.044" errors="0">
  <testcase name="@BeforeSuite beforeSuite" time="6.838" classname="tests.Regression">
    <failure type="org.openqa.selenium.WebDriverException" message="unknown error: Chrome failed to start: was killed
  (unknown error: DevToolsActivePort file doesn&amp;apos;t exist)
  (The process started from chrome location C:\Program Files\Google\Chrome\Application\chrome.exe is no longer running, so ChromeDriver is assuming that Chrome has crashed.)
Build info: version: &amp;apos;3.141.59&amp;apos;, revision: &amp;apos;e82be7d358&amp;apos;, time: &amp;apos;2018-11-14T08:17:03&amp;apos;
System info: host: &amp;apos;PRADEEP-PC&amp;apos;, ip: &amp;apos;192.168.0.34&amp;apos;, os.name: &amp;apos;Windows 7&amp;apos;, os.arch: &amp;apos;x86&amp;apos;, os.version: &amp;apos;6.1&amp;apos;, java.version: &amp;apos;1.8.0_231&amp;apos;
Driver info: driver.version: ChromeDriver
remote stacktrace: Backtrace:
	Ordinal0 [0x0147A113+1548563]
	Ordinal0 [0x013FDDA1+1039777]
	Ordinal0 [0x0137E485+517253]
	Ordinal0 [0x0130CB98+52120]
	Ordinal0 [0x0132B797+178071]
	Ordinal0 [0x0132B59D+177565]
	Ordinal0 [0x013295FB+169467]
	Ordinal0 [0x0131160A+71178]
	Ordinal0 [0x01312690+75408]
	Ordinal0 [0x01312629+75305]
	Ordinal0 [0x014171B7+1143223]
	GetHandleVerifier [0x01512B46+507814]
	GetHandleVerifier [0x01512864+507076]
	GetHandleVerifier [0x01519F47+537511]
	GetHandleVerifier [0x01513402+510050]
	Ordinal0 [0x0140F29C+1110684]
	Ordinal0 [0x0141938B+1151883]
	Ordinal0 [0x014194F3+1152243]
	Ordinal0 [0x014183F5+1147893]
	BaseThreadInitThunk [0x7583EF8C+18]
	RtlInitializeExceptionChain [0x770A367A+239]
	RtlInitializeExceptionChain [0x770A364D+194]
">
      <![CDATA[org.openqa.selenium.WebDriverException: unknown error: Chrome failed to start: was killed
  (unknown error: DevToolsActivePort file doesn't exist)
  (The process started from chrome location C:\Program Files\Google\Chrome\Application\chrome.exe is no longer running, so ChromeDriver is assuming that Chrome has crashed.)
Build info: version: '3.141.59', revision: 'e82be7d358', time: '2018-11-14T08:17:03'
System info: host: 'PRADEEP-PC', ip: '192.168.0.34', os.name: 'Windows 7', os.arch: 'x86', os.version: '6.1', java.version: '1.8.0_231'
Driver info: driver.version: ChromeDriver
remote stacktrace: Backtrace:
Ordinal0 [0x0147A113+1548563]
Ordinal0 [0x013FDDA1+1039777]
Ordinal0 [0x0137E485+517253]
Ordinal0 [0x0130CB98+52120]
Ordinal0 [0x0132B797+178071]
Ordinal0 [0x0132B59D+177565]
Ordinal0 [0x013295FB+169467]
Ordinal0 [0x0131160A+71178]
Ordinal0 [0x01312690+75408]
Ordinal0 [0x01312629+75305]
Ordinal0 [0x014171B7+1143223]
GetHandleVerifier [0x01512B46+507814]
GetHandleVerifier [0x01512864+507076]
GetHandleVerifier [0x01519F47+537511]
GetHandleVerifier [0x01513402+510050]
Ordinal0 [0x0140F29C+1110684]
Ordinal0 [0x0141938B+1151883]
Ordinal0 [0x014194F3+1152243]
Ordinal0 [0x014183F5+1147893]
BaseThreadInitThunk [0x7583EF8C+18]
RtlInitializeExceptionChain [0x770A367A+239]
RtlInitializeExceptionChain [0x770A364D+194]

at org.openqa.selenium.remote.W3CHandshakeResponse.lambda$errorHandler$0(W3CHandshakeResponse.java:62)
at org.openqa.selenium.remote.HandshakeResponse.lambda$getResponseFunction$0(HandshakeResponse.java:30)
at org.openqa.selenium.remote.ProtocolHandshake.lambda$createSession$0(ProtocolHandshake.java:126)
at java.util.stream.ReferencePipeline$3$1.accept(ReferencePipeline.java:193)
at java.util.Spliterators$ArraySpliterator.tryAdvance(Spliterators.java:958)
at java.util.stream.ReferencePipeline.forEachWithCancel(ReferencePipeline.java:126)
at java.util.stream.AbstractPipeline.copyIntoWithCancel(AbstractPipeline.java:499)
at java.util.stream.AbstractPipeline.copyInto(AbstractPipeline.java:486)
at java.util.stream.AbstractPipeline.wrapAndCopyInto(AbstractPipeline.java:472)
at java.util.stream.FindOps$FindOp.evaluateSequential(FindOps.java:152)
at java.util.stream.AbstractPipeline.evaluate(AbstractPipeline.java:234)
at java.util.stream.ReferencePipeline.findFirst(ReferencePipeline.java:464)
at org.openqa.selenium.remote.ProtocolHandshake.createSession(ProtocolHandshake.java:128)
at org.openqa.selenium.remote.ProtocolHandshake.createSession(ProtocolHandshake.java:74)
at org.openqa.selenium.remote.HttpCommandExecutor.execute(HttpCommandExecutor.java:136)
at org.openqa.selenium.remote.service.DriverCommandExecutor.execute(DriverCommandExecutor.java:83)
at org.openqa.selenium.remote.RemoteWebDriver.execute(RemoteWebDriver.java:552)
at org.openqa.selenium.remote.RemoteWebDriver.startSession(RemoteWebDriver.java:213)
at org.openqa.selenium.remote.RemoteWebDriver.<init>(RemoteWebDriver.java:131)
at org.openqa.selenium.chrome.ChromeDriver.<init>(ChromeDriver.java:181)
at org.openqa.selenium.chrome.ChromeDriver.<init>(ChromeDriver.java:168)
at org.openqa.selenium.chrome.ChromeDriver.<init>(ChromeDriver.java:157)
at selenium.framework.DesiredCapabilities.getChromeDriver(DesiredCapabilities.java:65)
at selenium.framework.DesiredCapabilities.setDriver(DesiredCapabilities.java:24)
at tests.Regression.beforeSuite(Regression.java:35)
at tests.Runner.main(Runner.java:40)
at selenium.framework.App.main(App.java:48)
... Removed 21 stack frames]]>
    </failure>
  </testcase> <!-- @BeforeSuite beforeSuite -->
  <testcase name="@BeforeTest beforeTest" time="0.0" classname="tests.Regression">
    <skipped/>
  </testcase> <!-- @BeforeTest beforeTest -->
  <testcase name="@AfterTest afterTest" time="0.0" classname="tests.Regression">
    <skipped/>
  </testcase> <!-- @AfterTest afterTest -->
  <testcase name="run" time="0.0" classname="tests.Regression">
    <skipped/>
  </testcase> <!-- run -->
</testsuite> <!-- Command line test -->
