<?xml version="1.0" encoding="UTF-8"?>
<!-- Generated by org.testng.reporters.JUnitXMLReporter -->
<testsuite hostname="Pradeep-PC" ignored="0" name="Default test" tests="2" failures="0" timestamp="01 Jan 2020 17:32:36 GMT" time="0.098" errors="0">
  <testcase name="@BeforeSuite beforeSuite" time="11.048" classname="tests.Regression">
    <failure type="org.openqa.selenium.WebDriverException" message="com.gargoylesoftware.htmlunit.ScriptException: Java class &amp;quot;com.gargoylesoftware.htmlunit.ScriptException&amp;quot; has no public instance field or method named &amp;quot;reported&amp;quot;. (https://s.go-mpulse.net/boomerang/EYG6F-E4V84-PAZ9D-F859L-SRJFK#16)
Build info: version: &amp;apos;3.141.59&amp;apos;, revision: &amp;apos;e82be7d358&amp;apos;, time: &amp;apos;2018-11-14T08:17:03&amp;apos;
System info: host: &amp;apos;PRADEEP-PC&amp;apos;, ip: &amp;apos;192.168.0.34&amp;apos;, os.name: &amp;apos;Windows 7&amp;apos;, os.arch: &amp;apos;x86&amp;apos;, os.version: &amp;apos;6.1&amp;apos;, java.version: &amp;apos;1.8.0_231&amp;apos;
Driver info: driver.version: HtmlUnitDriver">
      <![CDATA[org.openqa.selenium.WebDriverException: com.gargoylesoftware.htmlunit.ScriptException: Java class "com.gargoylesoftware.htmlunit.ScriptException" has no public instance field or method named "reported". (https://s.go-mpulse.net/boomerang/EYG6F-E4V84-PAZ9D-F859L-SRJFK#16)
Build info: version: '3.141.59', revision: 'e82be7d358', time: '2018-11-14T08:17:03'
System info: host: 'PRADEEP-PC', ip: '192.168.0.34', os.name: 'Windows 7', os.arch: 'x86', os.version: '6.1', java.version: '1.8.0_231'
Driver info: driver.version: HtmlUnitDriver
at org.openqa.selenium.htmlunit.HtmlUnitDriver.get(HtmlUnitDriver.java:686)
at org.openqa.selenium.htmlunit.HtmlUnitDriver.lambda$8(HtmlUnitDriver.java:655)
at org.openqa.selenium.htmlunit.HtmlUnitDriver.lambda$0(HtmlUnitDriver.java:412)
at java.lang.Thread.run(Thread.java:748)
Caused by: com.gargoylesoftware.htmlunit.ScriptException: Java class "com.gargoylesoftware.htmlunit.ScriptException" has no public instance field or method named "reported". (https://s.go-mpulse.net/boomerang/EYG6F-E4V84-PAZ9D-F859L-SRJFK#16)
at com.gargoylesoftware.htmlunit.javascript.JavaScriptEngine.handleJavaScriptException(JavaScriptEngine.java:986)
at com.gargoylesoftware.htmlunit.javascript.JavaScriptEngine$HtmlUnitContextAction.run(JavaScriptEngine.java:894)
at net.sourceforge.htmlunit.corejs.javascript.Context.call(Context.java:637)
at net.sourceforge.htmlunit.corejs.javascript.ContextFactory.call(ContextFactory.java:518)
at com.gargoylesoftware.htmlunit.javascript.JavaScriptEngine.compile(JavaScriptEngine.java:725)
at com.gargoylesoftware.htmlunit.javascript.JavaScriptEngine.compile(JavaScriptEngine.java:691)
at com.gargoylesoftware.htmlunit.javascript.JavaScriptEngine.compile(JavaScriptEngine.java:102)
at com.gargoylesoftware.htmlunit.html.HtmlPage.loadJavaScriptFromUrl(HtmlPage.java:1076)
at com.gargoylesoftware.htmlunit.html.HtmlPage.loadExternalJavaScriptFile(HtmlPage.java:974)
at com.gargoylesoftware.htmlunit.html.HtmlScript.executeScriptIfNeeded(HtmlScript.java:366)
at com.gargoylesoftware.htmlunit.html.HtmlScript$2.execute(HtmlScript.java:247)
at com.gargoylesoftware.htmlunit.html.HtmlScript.onAllChildrenAddedToPage(HtmlScript.java:268)
at com.gargoylesoftware.htmlunit.html.HTMLParser$HtmlUnitDOMBuilder.endElement(HTMLParser.java:800)
at org.apache.xerces.parsers.AbstractSAXParser.endElement(Unknown Source)
at com.gargoylesoftware.htmlunit.html.HTMLParser$HtmlUnitDOMBuilder.endElement(HTMLParser.java:756)
at net.sourceforge.htmlunit.cyberneko.HTMLTagBalancer.callEndElement(HTMLTagBalancer.java:1236)
at net.sourceforge.htmlunit.cyberneko.HTMLTagBalancer.endElement(HTMLTagBalancer.java:1136)
at net.sourceforge.htmlunit.cyberneko.filters.DefaultFilter.endElement(DefaultFilter.java:226)
at net.sourceforge.htmlunit.cyberneko.filters.NamespaceBinder.endElement(NamespaceBinder.java:345)
at net.sourceforge.htmlunit.cyberneko.HTMLScanner$ContentScanner.scanEndElement(HTMLScanner.java:3178)
at net.sourceforge.htmlunit.cyberneko.HTMLScanner$ContentScanner.scan(HTMLScanner.java:2141)
at net.sourceforge.htmlunit.cyberneko.HTMLScanner.scanDocument(HTMLScanner.java:945)
at net.sourceforge.htmlunit.cyberneko.HTMLConfiguration.parse(HTMLConfiguration.java:521)
at net.sourceforge.htmlunit.cyberneko.HTMLConfiguration.parse(HTMLConfiguration.java:472)
at org.apache.xerces.parsers.XMLParser.parse(Unknown Source)
at com.gargoylesoftware.htmlunit.html.HTMLParser$HtmlUnitDOMBuilder.parse(HTMLParser.java:999)
at com.gargoylesoftware.htmlunit.html.HTMLParser.parse(HTMLParser.java:250)
at com.gargoylesoftware.htmlunit.html.HTMLParser.parseHtml(HTMLParser.java:192)
at com.gargoylesoftware.htmlunit.DefaultPageCreator.createHtmlPage(DefaultPageCreator.java:272)
at com.gargoylesoftware.htmlunit.DefaultPageCreator.createPage(DefaultPageCreator.java:160)
at com.gargoylesoftware.htmlunit.WebClient.loadWebResponseInto(WebClient.java:522)
at com.gargoylesoftware.htmlunit.WebClient.getPage(WebClient.java:396)
at com.gargoylesoftware.htmlunit.WebClient.getPage(WebClient.java:313)
at org.openqa.selenium.htmlunit.HtmlUnitDriver.get(HtmlUnitDriver.java:668)
... 3 more
Caused by: net.sourceforge.htmlunit.corejs.javascript.EvaluatorException: Java class "com.gargoylesoftware.htmlunit.ScriptException" has no public instance field or method named "reported". (https://s.go-mpulse.net/boomerang/EYG6F-E4V84-PAZ9D-F859L-SRJFK#16)
at com.gargoylesoftware.htmlunit.javascript.StrictErrorReporter.runtimeError(StrictErrorReporter.java:83)
at net.sourceforge.htmlunit.corejs.javascript.Context.reportRuntimeError(Context.java:1098)
at net.sourceforge.htmlunit.corejs.javascript.Context.reportRuntimeError(Context.java:1146)
at net.sourceforge.htmlunit.corejs.javascript.Context.reportRuntimeError2(Context.java:1120)
at net.sourceforge.htmlunit.corejs.javascript.JavaMembers.reportMemberNotFound(JavaMembers.java:827)
at net.sourceforge.htmlunit.corejs.javascript.JavaMembers.put(JavaMembers.java:104)
at net.sourceforge.htmlunit.corejs.javascript.NativeJavaObject.put(NativeJavaObject.java:88)
at net.sourceforge.htmlunit.corejs.javascript.ScriptableObject.putProperty(ScriptableObject.java:2572)
at net.sourceforge.htmlunit.corejs.javascript.ScriptRuntime.setObjectProp(ScriptRuntime.java:1648)
at net.sourceforge.htmlunit.corejs.javascript.ScriptRuntime.setObjectProp(ScriptRuntime.java:1643)
at net.sourceforge.htmlunit.corejs.javascript.Interpreter.interpretLoop(Interpreter.java:1265)
at net.sourceforge.htmlunit.corejs.javascript.Interpreter.interpret(Interpreter.java:800)
at net.sourceforge.htmlunit.corejs.javascript.InterpretedFunction.call(InterpretedFunction.java:105)
at net.sourceforge.htmlunit.corejs.javascript.ContextFactory.doTopCall(ContextFactory.java:416)
at com.gargoylesoftware.htmlunit.javascript.HtmlUnitContextFactory.doTopCall(HtmlUnitContextFactory.java:322)
at net.sourceforge.htmlunit.corejs.javascript.ScriptRuntime.doTopCall(ScriptRuntime.java:3264)
at net.sourceforge.htmlunit.corejs.javascript.InterpretedFunction.call(InterpretedFunction.java:103)
at com.gargoylesoftware.htmlunit.javascript.host.Window.triggerOnError(Window.java:1284)
at com.gargoylesoftware.htmlunit.javascript.JavaScriptEngine.handleJavaScriptException(JavaScriptEngine.java:983)
... 36 more
]]>
    </failure>
  </testcase> <!-- @BeforeSuite beforeSuite -->
  <testcase name="@BeforeTest beforeTest" time="0.0" classname="tests.Regression">
    <skipped/>
  </testcase> <!-- @BeforeTest beforeTest -->
  <testcase name="@AfterTest afterTest" time="0.0" classname="tests.Regression">
    <skipped/>
  </testcase> <!-- @AfterTest afterTest -->
  <testcase name="TCID_1" time="0.0" classname="tests.Regression">
    <skipped/>
  </testcase> <!-- TCID_1 -->
  <testcase name="TCID_2" time="0.0" classname="tests.Regression">
    <skipped/>
  </testcase> <!-- TCID_2 -->
</testsuite> <!-- Default test -->
