<?xml version="1.0" encoding="UTF-8"?>
<!-- Generated by org.testng.reporters.JUnitReportReporter -->
<testsuite skipped="0" hostname="Pradeep-PC" name="com.star.suites.Regression" tests="2" failures="0" timestamp="2020-10-07T12:58:31 IST" time="21.238" errors="1">
  <testcase name="run" time="21.237" classname="com.star.suites.Regression"/>
  <system-out/>
  <testcase name="afterSuite" time="0.001" classname="com.star.suites.Regression">
    <error type="org.springframework.beans.factory.NoSuchBeanDefinitionException" message="No qualifying bean of type &#039;com.star.core.BrowserConfig&#039; available">
        <![CDATA[org.springframework.beans.factory.NoSuchBeanDefinitionException: No qualifying bean of type 'com.star.core.BrowserConfig' available
at org.springframework.beans.factory.support.DefaultListableBeanFactory.getBean(DefaultListableBeanFactory.java:346)
at org.springframework.beans.factory.support.DefaultListableBeanFactory.getBean(DefaultListableBeanFactory.java:333)
at org.springframework.context.support.AbstractApplicationContext.getBean(AbstractApplicationContext.java:1107)
at com.star.core.WebActionsImpl.getDriver(WebActionsImpl.java:18)
at com.star.core.WebActionsImpl.closeBrowsers(WebActionsImpl.java:173)
at com.star.suites.Regression.afterSuite(Regression.java:38)
at sun.reflect.NativeMethodAccessorImpl.invoke0(Native Method)
at sun.reflect.NativeMethodAccessorImpl.invoke(NativeMethodAccessorImpl.java:62)
at sun.reflect.DelegatingMethodAccessorImpl.invoke(DelegatingMethodAccessorImpl.java:43)
at java.lang.reflect.Method.invoke(Method.java:498)
at org.testng.internal.MethodInvocationHelper.invokeMethod(MethodInvocationHelper.java:132)
at org.testng.internal.MethodInvocationHelper.invokeMethodConsideringTimeout(MethodInvocationHelper.java:61)
at org.testng.internal.ConfigInvoker.invokeConfigurationMethod(ConfigInvoker.java:366)
at org.testng.internal.ConfigInvoker.invokeConfigurations(ConfigInvoker.java:320)
at org.testng.SuiteRunner.privateRun(SuiteRunner.java:351)
at org.testng.SuiteRunner.run(SuiteRunner.java:286)
at org.testng.SuiteRunnerWorker.runSuite(SuiteRunnerWorker.java:53)
at org.testng.SuiteRunnerWorker.run(SuiteRunnerWorker.java:96)
at org.testng.TestNG.runSuitesSequentially(TestNG.java:1218)
at org.testng.TestNG.runSuitesLocally(TestNG.java:1140)
at org.testng.TestNG.runSuites(TestNG.java:1069)
at org.testng.TestNG.run(TestNG.java:1037)
at com.star.Runner.main(com.star.Runner.java:50)
]]>
    </error>
  </testcase> <!-- afterSuite -->
  <system-out/>
</testsuite> <!-- com.star.suites.Regression -->
